<?xml version="1.0" encoding="UTF-8"?>
<!-- Generated by org.testng.reporters.JUnitReportReporter -->
<testsuite hostname="DESKTOP-NHOH0GL" failures="0" tests="9" name="Testn.TestNgKeyword" time="0.054" errors="0" timestamp="2024-11-15T22:09:27 IST" skipped="0">
  <testcase classname="Testn.TestNgKeyword" name="Tc5" time="0.001"/>
  <system-out>
    <![CDATA[test method will execute the multible time invocationCount]]>
  </system-out>
  <testcase classname="Testn.TestNgKeyword" name="Tc1" time="0.015"/>
  <system-out>
    <![CDATA[Teste case 1 should pass]]>
  </system-out>
  <testcase classname="Testn.TestNgKeyword" name="Tc1" time="0.002"/>
  <system-out>
    <![CDATA[Teste case 1 should pass]]>
  </system-out>
  <testcase classname="Testn.TestNgKeyword" name="Tc4" time="0.004"/>
  <system-out>
    <![CDATA[test will excute the multiple time]]>
  </system-out>
  <testcase classname="Testn.TestNgKeyword" name="Tc5" time="0.009"/>
  <system-out>
    <![CDATA[test method will execute the multible time invocationCount]]>
  </system-out>
  <testcase classname="Testn.TestNgKeyword" name="Tc4" time="0.005"/>
  <system-out>
    <![CDATA[test will excute the multiple time]]>
  </system-out>
  <testcase classname="Testn.TestNgKeyword" name="Tc5" time="0.010"/>
  <system-out>
    <![CDATA[test method will execute the multible time invocationCount]]>
  </system-out>
  <testcase classname="Testn.TestNgKeyword" name="Tc4" time="0.001"/>
  <system-out>
    <![CDATA[test will excute the multiple time]]>
  </system-out>
  <testcase classname="Testn.TestNgKeyword" name="Tc5" time="0.007"/>
  <system-out>
    <![CDATA[test method will execute the multible time invocationCount]]>
  </system-out>
</testsuite> <!-- Testn.TestNgKeyword -->
