<?xml version="1.0" encoding="UTF-8"?>
<!-- Generated by org.testng.reporters.JUnitReportReporter -->
<testsuite hostname="DESKTOP-NHOH0GL" failures="0" tests="4" name="Testn.emailbeReport" time="0.015" errors="0" timestamp="2024-11-15T20:00:27 IST" skipped="0">
  <testcase classname="Testn.emailbeReport" name="Tc3" time="0.001"/>
  <system-out>
    <![CDATA[---running the test method 3----]]>
  </system-out>
  <testcase classname="Testn.emailbeReport" name="Tc1" time="0.011"/>
  <system-out>
    <![CDATA[----running the test method---]]>
  </system-out>
  <testcase classname="Testn.emailbeReport" name="Tc2" time="0.001"/>
  <system-out>
    <![CDATA[---running the test method2---]]>
  </system-out>
  <testcase classname="Testn.emailbeReport" name="Tc4" time="0.002"/>
  <system-out>
    <![CDATA[--Running the test method 4----]]>
  </system-out>
</testsuite> <!-- Testn.emailbeReport -->
