<?xml version="1.0" encoding="UTF-8"?>
<!-- Generated by org.testng.reporters.JUnitReportReporter -->
<testsuite hostname="DESKTOP-NHOH0GL" failures="0" tests="3" name="testng.Ex_3_EmailableReport" time="0.016" errors="0" timestamp="2024-11-08T17:43:29 IST" skipped="0">
  <testcase classname="testng.Ex_3_EmailableReport" name="TC3" time="0.003"/>
  <system-out>
    <![CDATA[----ruunnig test case3-----]]>
  </system-out>
  <testcase classname="testng.Ex_3_EmailableReport" name="TC1" time="0.011"/>
  <system-out>
    <![CDATA[----running the tc1-----]]>
  </system-out>
  <testcase classname="testng.Ex_3_EmailableReport" name="TC2" time="0.002"/>
  <system-out>
    <![CDATA[----running the tc2-----]]>
  </system-out>
</testsuite> <!-- testng.Ex_3_EmailableReport -->
