<?xml version="1.0" encoding="UTF-8"?>
<!-- Generated by org.testng.reporters.JUnitReportReporter -->
<testsuite hostname="DESKTOP-NHOH0GL" failures="0" tests="2" name="multibrowserTestin.classoftesting" time="29.402" errors="0" timestamp="2024-11-16T14:07:27 IST" skipped="0">
  <testcase classname="multibrowserTestin.classoftesting" name="VerifyLoginTc" time="14.072"/>
  <system-out/>
  <testcase classname="multibrowserTestin.classoftesting" name="VerifyLoginTc" time="15.330"/>
  <system-out/>
</testsuite> <!-- multibrowserTestin.classoftesting -->
