<?xml version="1.0" encoding="UTF-8"?>
<!-- Generated by org.testng.reporters.JUnitReportReporter -->
<testsuite hostname="DESKTOP-NHOH0GL" failures="0" tests="2" name="testSuit.ex_2testSuit" time="0.014" errors="0" timestamp="2024-11-16T00:25:07 IST" skipped="0">
  <testcase classname="testSuit.ex_2testSuit" name="Tc1" time="0.011"/>
  <system-out>
    <![CDATA[execute the class method multiple time]]>
  </system-out>
  <testcase classname="testSuit.ex_2testSuit" name="Tc2" time="0.003"/>
  <system-out>
    <![CDATA[execute teh test class multiple time]]>
  </system-out>
</testsuite> <!-- testSuit.ex_2testSuit -->
