<?xml version="1.0" encoding="UTF-8"?>
<!-- Generated by org.testng.reporters.JUnitReportReporter -->
<testsuite hostname="DESKTOP-NHOH0GL" failures="0" tests="5" name="disbaledTesting.classTest" time="0.020" errors="0" timestamp="2024-11-16T23:38:17 IST" skipped="0">
  <testcase classname="disbaledTesting.classTest" name="Tc4" time="0.014"/>
  <system-out>
    <![CDATA[test case run the  four ]]>
  </system-out>
  <testcase classname="disbaledTesting.classTest" name="tc2" time="0.002"/>
  <system-out>
    <![CDATA[teste case run first]]>
  </system-out>
  <testcase classname="disbaledTesting.classTest" name="tc7" time="0.003"/>
  <system-out>
    <![CDATA[teste case will run test case seven]]>
  </system-out>
  <testcase classname="disbaledTesting.classTest" name="tc3" time="0.001"/>
  <system-out>
    <![CDATA[test case run the last method]]>
  </system-out>
  <testcase classname="disbaledTesting.classTest" name="tc5" time="0.000"/>
  <system-out>
    <![CDATA[test case will run the fifth]]>
  </system-out>
</testsuite> <!-- disbaledTesting.classTest -->
