<?xml version="1.0" encoding="UTF-8"?>
<!-- Generated by org.testng.reporters.JUnitReportReporter -->
<testsuite hostname="DESKTOP-NHOH0GL" failures="0" tests="1" name="TestNgAnnotation.BeforeClassAfterClass" time="0.012" errors="0" timestamp="2024-11-11T13:34:54 IST" skipped="0">
  <testcase classname="TestNgAnnotation.BeforeClassAfterClass" name="clickOnButton" time="0.012"/>
  <system-out>
    <![CDATA[---click on ok button----]]>
  </system-out>
</testsuite> <!-- TestNgAnnotation.BeforeClassAfterClass -->
