<?xml version="1.0" encoding="UTF-8"?>
<!-- Generated by org.testng.reporters.JUnitReportReporter -->
<testsuite hostname="DESKTOP-NHOH0GL" failures="0" tests="1" name="VerificationAssertion.AssertFalse" time="0.014" errors="0" timestamp="2024-11-12T15:48:35 IST" skipped="0">
  <testcase classname="VerificationAssertion.AssertFalse" name="m3_assert_false" time="0.014"/>
  <system-out/>
</testsuite> <!-- VerificationAssertion.AssertFalse -->
