<?xml version="1.0" encoding="UTF-8"?>
<!-- Generated by org.testng.reporters.JUnitReportReporter -->
<testsuite hostname="DESKTOP-NHOH0GL" failures="0" tests="2" name="grouppingTesting.TestCase" time="0.028" errors="0" timestamp="2024-11-17T14:13:21 IST" skipped="0">
  <testcase classname="grouppingTesting.TestCase" name="logout" time="0.005"/>
  <system-out>
    <![CDATA[logout test case]]>
  </system-out>
  <testcase classname="grouppingTesting.TestCase" name="login" time="0.023"/>
  <system-out>
    <![CDATA[login teste case 1]]>
  </system-out>
</testsuite> <!-- grouppingTesting.TestCase -->
