<?xml version="1.0" encoding="UTF-8"?>
<!-- Generated by org.testng.reporters.JUnitReportReporter -->
<testsuite hostname="DESKTOP-NHOH0GL" failures="0" tests="1" name="parraleleExecution.Ex2_parallel2Execution" time="27.712" errors="0" timestamp="2024-11-13T20:23:42 IST" skipped="0">
  <testcase classname="parraleleExecution.Ex2_parallel2Execution" name="openFlipkartApp" time="27.712"/>
  <system-out/>
</testsuite> <!-- parraleleExecution.Ex2_parallel2Execution -->
