<?xml version="1.0" encoding="UTF-8"?>
<!-- Generated by org.testng.reporters.JUnitReportReporter -->
<testsuite hostname="DESKTOP-NHOH0GL" failures="0" tests="3" name="TestSuit.Ex_6Sample_23" time="0.008" errors="0" timestamp="2024-11-11T17:43:46 IST" skipped="0">
  <testcase classname="TestSuit.Ex_6Sample_23" name="java" time="0.002"/>
  <system-out>
    <![CDATA[----testng logout the java classs---]]>
  </system-out>
  <testcase classname="TestSuit.Ex_6Sample_23" name="selenium" time="0.004"/>
  <system-out>
    <![CDATA[---testng suits will logoute---]]>
  </system-out>
  <testcase classname="TestSuit.Ex_6Sample_23" name="testng" time="0.002"/>
  <system-out>
    <![CDATA[---testng test suit will execute----]]>
  </system-out>
</testsuite> <!-- TestSuit.Ex_6Sample_23 -->
