<?xml version="1.0" encoding="UTF-8"?>
<!-- Generated by org.testng.reporters.JUnitReportReporter -->
<testsuite hostname="DESKTOP-NHOH0GL" failures="0" tests="2" name="Grouping_Test_Case.TestClass1" time="0.022" errors="0" timestamp="2024-11-13T16:37:13 IST" skipped="0">
  <testcase classname="Grouping_Test_Case.TestClass1" name="Tc1" time="0.017"/>
  <system-out>
    <![CDATA[reunning the test case]]>
  </system-out>
  <testcase classname="Grouping_Test_Case.TestClass1" name="Tc2" time="0.005"/>
  <system-out>
    <![CDATA[running the test case]]>
  </system-out>
</testsuite> <!-- Grouping_Test_Case.TestClass1 -->
