<?xml version="1.0" encoding="UTF-8"?>
<!-- Generated by org.testng.reporters.JUnitReportReporter -->
<testsuite hostname="DESKTOP-NHOH0GL" failures="0" tests="3" name="TesTG.Ex4_TestClassMethods" time="0.018" errors="0" timestamp="2024-11-11T13:15:14 IST" skipped="0">
  <testcase classname="TesTG.Ex4_TestClassMethods" name="logoutPage" time="0.002"/>
  <system-out>
    <![CDATA[----logout the page----]]>
  </system-out>
  <testcase classname="TesTG.Ex4_TestClassMethods" name="application" time="0.014"/>
  <system-out>
    <![CDATA[-----application should be open----]]>
  </system-out>
  <testcase classname="TesTG.Ex4_TestClassMethods" name="loginPage" time="0.002"/>
  <system-out>
    <![CDATA[---login  the page---]]>
  </system-out>
</testsuite> <!-- TesTG.Ex4_TestClassMethods -->
