<?xml version="1.0" encoding="UTF-8"?>
<!-- Generated by org.testng.reporters.JUnitReportReporter -->
<testsuite hostname="DESKTOP-NHOH0GL" failures="0" tests="1" name="POM_DDF_utilityClass_BaseClass.TestClasses" time="4.793" errors="0" timestamp="2024-11-18T18:35:07 IST" skipped="0">
  <testcase classname="POM_DDF_utilityClass_BaseClass.TestClasses" name="verifyLogo" time="4.793"/>
  <system-out/>
</testsuite> <!-- POM_DDF_utilityClass_BaseClass.TestClasses -->
