<?xml version="1.0" encoding="UTF-8"?>
<!-- Generated by org.testng.reporters.JUnitReportReporter -->
<testsuite hostname="DESKTOP-NHOH0GL" failures="0" tests="3" name="TesTG.Ex_1EmailableReport" time="0.029" errors="0" timestamp="2024-11-11T13:00:13 IST" skipped="0">
  <testcase classname="TesTG.Ex_1EmailableReport" name="Tc1" time="0.020"/>
  <system-out>
    <![CDATA[---emailable report will genrated----]]>
  </system-out>
  <testcase classname="TesTG.Ex_1EmailableReport" name="Tc3" time="0.007"/>
  <system-out>
    <![CDATA[---emailable report will genrated----]]>
  </system-out>
  <testcase classname="TesTG.Ex_1EmailableReport" name="Tc2" time="0.002"/>
  <system-out>
    <![CDATA[---emailable report will not genrated----]]>
  </system-out>
</testsuite> <!-- TesTG.Ex_1EmailableReport -->
