<?xml version="1.0" encoding="UTF-8"?>
<!-- Generated by org.testng.reporters.JUnitReportReporter -->
<testsuite hostname="DESKTOP-NHOH0GL" failures="0" tests="1" name="parraleleExecution.ex5ParallelExecution" time="5.661" errors="0" timestamp="2024-11-13T18:56:58 IST" skipped="0">
  <testcase classname="parraleleExecution.ex5ParallelExecution" name="openFlipkartApplication" time="5.661"/>
  <system-out/>
</testsuite> <!-- parraleleExecution.ex5ParallelExecution -->
