<?xml version="1.0" encoding="UTF-8"?>
<!-- Generated by org.testng.reporters.JUnitReportReporter -->
<testsuite hostname="DESKTOP-NHOH0GL" failures="0" tests="1" name="prallelTesting.loginflipkart" time="11.670" errors="0" timestamp="2024-11-16T20:12:55 IST" skipped="0">
  <testcase classname="prallelTesting.loginflipkart" name="flipkatApplogin" time="11.670"/>
  <system-out/>
</testsuite> <!-- prallelTesting.loginflipkart -->
