<?xml version="1.0" encoding="UTF-8"?>
<!-- Generated by org.testng.reporters.JUnitReportReporter -->
<testsuite hostname="DESKTOP-NHOH0GL" failures="0" tests="4" name="TestNKeyword.MultileMethodLogin" time="0.031" errors="0" timestamp="2024-11-11T17:26:08 IST" skipped="0">
  <testcase classname="TestNKeyword.MultileMethodLogin" name="login" time="0.023"/>
  <system-out>
    <![CDATA[----login method depdens on-----]]>
  </system-out>
  <testcase classname="TestNKeyword.MultileMethodLogin" name="logout" time="0.002"/>
  <system-out>
    <![CDATA[---logout depends on login btn----]]>
  </system-out>
  <testcase classname="TestNKeyword.MultileMethodLogin" name="clickOnBtn" time="0.003"/>
  <system-out>
    <![CDATA[----login and logout method depend on that----]]>
  </system-out>
  <testcase classname="TestNKeyword.MultileMethodLogin" name="clickOnBtn" time="0.003"/>
  <system-out>
    <![CDATA[----login and logout method depend on that----]]>
  </system-out>
</testsuite> <!-- TestNKeyword.MultileMethodLogin -->
