<?xml version="1.0" encoding="UTF-8"?>
<!-- Generated by org.testng.reporters.JUnitReportReporter -->
<testsuite hostname="DESKTOP-NHOH0GL" failures="0" tests="1" name="TestNgAnnotation.BeforeMethodAfterMethod" time="0.018" errors="0" timestamp="2024-11-11T13:29:00 IST" skipped="0">
  <testcase classname="TestNgAnnotation.BeforeMethodAfterMethod" name="clickOnButton" time="0.018"/>
  <system-out>
    <![CDATA[---click on ok button----]]>
  </system-out>
</testsuite> <!-- TestNgAnnotation.BeforeMethodAfterMethod -->
