<?xml version="1.0" encoding="UTF-8"?>
<!-- Generated by org.testng.reporters.JUnitReportReporter -->
<testsuite hostname="DESKTOP-NHOH0GL" failures="0" tests="1" name="paralelel.parralel" time="14.052" errors="0" timestamp="2024-11-17T14:24:42 IST" skipped="0">
  <testcase classname="paralelel.parralel" name="login" time="14.052"/>
  <system-out/>
</testsuite> <!-- paralelel.parralel -->
