<?xml version="1.0" encoding="UTF-8"?>
<!-- Generated by org.testng.reporters.JUnitReportReporter -->
<testsuite hostname="DESKTOP-NHOH0GL" failures="0" tests="2" name="multibrowserTesting.testingBrowser" time="16.121" errors="0" timestamp="2024-11-14T10:25:02 IST" skipped="0">
  <testcase classname="multibrowserTesting.testingBrowser" name="verifiyLoginTC" time="7.162"/>
  <system-out/>
  <testcase classname="multibrowserTesting.testingBrowser" name="verifiyLoginTC" time="8.959"/>
  <system-out/>
</testsuite> <!-- multibrowserTesting.testingBrowser -->
