<?xml version="1.0" encoding="UTF-8"?>
<!-- Generated by org.testng.reporters.JUnitReportReporter -->
<testsuite hostname="DESKTOP-NHOH0GL" failures="0" tests="3" name="GroupingOfTestCase.TestCase2" time="0.023" errors="0" timestamp="2024-11-16T13:21:09 IST" skipped="0">
  <testcase classname="GroupingOfTestCase.TestCase2" name="Tc2" time="0.003"/>
  <system-out>
    <![CDATA[group of test method]]>
  </system-out>
  <testcase classname="GroupingOfTestCase.TestCase2" name="Tc1" time="0.017"/>
  <system-out>
    <![CDATA[Group of test method]]>
  </system-out>
  <testcase classname="GroupingOfTestCase.TestCase2" name="Tc3" time="0.003"/>
  <system-out>
    <![CDATA[group of test method]]>
  </system-out>
</testsuite> <!-- GroupingOfTestCase.TestCase2 -->
