<?xml version="1.0" encoding="UTF-8"?>
<!-- Generated by org.testng.reporters.JUnitReportReporter -->
<testsuite hostname="DESKTOP-NHOH0GL" failures="0" tests="1" name="TesTG.Ex_3WithTestAnnotaion" time="5.137" errors="0" timestamp="2024-11-11T13:09:09 IST" skipped="0">
  <testcase classname="TesTG.Ex_3WithTestAnnotaion" name="openApplication" time="5.137"/>
  <system-out>
    <![CDATA[----openaplication browser---]]>
  </system-out>
</testsuite> <!-- TesTG.Ex_3WithTestAnnotaion -->
