<?xml version="1.0" encoding="UTF-8"?>
<!-- Generated by org.testng.reporters.JUnitReportReporter -->
<testsuite hostname="DESKTOP-NHOH0GL" failures="0" tests="1" name="Testn.TestAnnotaion" time="0.012" errors="0" timestamp="2024-11-15T20:22:34 IST" skipped="0">
  <testcase classname="Testn.TestAnnotaion" name="verifypage" time="0.012"/>
  <system-out>
    <![CDATA[---execute the test methods----]]>
  </system-out>
</testsuite> <!-- Testn.TestAnnotaion -->
