<?xml version="1.0" encoding="UTF-8"?>
<!-- Generated by org.testng.reporters.JUnitReportReporter -->
<testsuite hostname="DESKTOP-NHOH0GL" failures="0" tests="1" name="parallelExecution.googlelogin" time="15.299" errors="0" timestamp="2024-11-17T13:20:26 IST" skipped="0">
  <testcase classname="parallelExecution.googlelogin" name="loginApp" time="15.299"/>
  <system-out/>
</testsuite> <!-- parallelExecution.googlelogin -->
