<?xml version="1.0" encoding="UTF-8"?>
<!-- Generated by org.testng.reporters.JUnitReportReporter -->
<testsuite hostname="DESKTOP-NHOH0GL" failures="0" tests="3" name="TestngAnnotaion.KeyWord" time="0.025" errors="0" timestamp="2024-11-09T17:30:30 IST" skipped="0">
  <testcase classname="TestngAnnotaion.KeyWord" name="clickOnBtn" time="0.018"/>
  <system-out>
    <![CDATA[---click on login btn---]]>
  </system-out>
  <testcase classname="TestngAnnotaion.KeyWord" name="logoutPage" time="0.003"/>
  <system-out>
    <![CDATA[---logout the page----]]>
  </system-out>
  <testcase classname="TestngAnnotaion.KeyWord" name="loginBrowser" time="0.004"/>
  <system-out>
    <![CDATA[----Login the browser---]]>
  </system-out>
</testsuite> <!-- TestngAnnotaion.KeyWord -->
