<?xml version="1.0" encoding="UTF-8"?>
<!-- Generated by org.testng.reporters.JUnitReportReporter -->
<testsuite hostname="DESKTOP-NHOH0GL" failures="0" tests="2" name="TestSui.ClassB" time="0.010" errors="0" timestamp="2024-11-13T21:45:11 IST" skipped="0">
  <testcase classname="TestSui.ClassB" name="Tc4" time="0.005"/>
  <system-out>
    <![CDATA[---test case 4---]]>
  </system-out>
  <testcase classname="TestSui.ClassB" name="Tc3" time="0.005"/>
  <system-out>
    <![CDATA[---test case 3---]]>
  </system-out>
</testsuite> <!-- TestSui.ClassB -->
