<?xml version="1.0" encoding="UTF-8"?>
<!-- Generated by org.testng.reporters.JUnitReportReporter -->
<testsuite hostname="DESKTOP-NHOH0GL" failures="0" tests="1" name="VerificationAssertion.AssertNotEquals" time="0.020" errors="0" timestamp="2024-11-12T15:40:11 IST" skipped="0">
  <testcase classname="VerificationAssertion.AssertNotEquals" name="m2_assertNotEquals" time="0.020"/>
  <system-out/>
</testsuite> <!-- VerificationAssertion.AssertNotEquals -->
