<?xml version="1.0" encoding="UTF-8"?>
<!-- Generated by org.testng.reporters.JUnitReportReporter -->
<testsuite hostname="DESKTOP-NHOH0GL" failures="0" tests="3" name="TesTG.Ex_3_Emailble_report" time="0.018" errors="0" timestamp="2024-11-08T18:18:45 IST" skipped="0">
  <testcase classname="TesTG.Ex_3_Emailble_report" name="login" time="0.011"/>
  <system-out/>
  <testcase classname="TesTG.Ex_3_Emailble_report" name="openMenu" time="0.003"/>
  <system-out/>
  <testcase classname="TesTG.Ex_3_Emailble_report" name="logout" time="0.004"/>
  <system-out/>
</testsuite> <!-- TesTG.Ex_3_Emailble_report -->
