<?xml version="1.0" encoding="UTF-8"?>
<!-- Generated by org.testng.reporters.JUnitReportReporter -->
<testsuite hostname="DESKTOP-NHOH0GL" failures="0" tests="1" name="paralleleTesting.Ex2ParallelTesting" time="7.530" errors="0" timestamp="2024-11-16T13:54:21 IST" skipped="0">
  <testcase classname="paralleleTesting.Ex2ParallelTesting" name="Tc2" time="7.530"/>
  <system-out>
    <![CDATA[execute the parallel test case]]>
  </system-out>
</testsuite> <!-- paralleleTesting.Ex2ParallelTesting -->
