<?xml version="1.0" encoding="UTF-8"?>
<!-- Generated by org.testng.reporters.JUnitReportReporter -->
<testsuite hostname="DESKTOP-NHOH0GL" failures="0" tests="1" name="disbaledTesting.testcaselass" time="0.014" errors="0" timestamp="2024-11-16T23:34:09 IST" skipped="0">
  <testcase classname="disbaledTesting.testcaselass" name="tc1" time="0.014"/>
  <system-out>
    <![CDATA[log the result]]>
  </system-out>
</testsuite> <!-- disbaledTesting.testcaselass -->
