<?xml version="1.0" encoding="UTF-8"?>
<!-- Generated by org.testng.reporters.JUnitReportReporter -->
<testsuite hostname="DESKTOP-NHOH0GL" failures="0" tests="1" name="multibrowserTesting.googlepage" time="127.038" errors="0" timestamp="2024-11-16T22:20:56 IST" skipped="0">
  <testcase classname="multibrowserTesting.googlepage" name="tc4" time="127.038"/>
  <system-out/>
</testsuite> <!-- multibrowserTesting.googlepage -->
