<?xml version="1.0" encoding="UTF-8"?>
<!-- Generated by org.testng.reporters.JUnitReportReporter -->
<testsuite hostname="DESKTOP-NHOH0GL" failures="0" tests="1" name="parraleleExecution.Ex_1PrallelExecution" time="17.515" errors="0" timestamp="2024-11-13T20:23:42 IST" skipped="0">
  <testcase classname="parraleleExecution.Ex_1PrallelExecution" name="openFacebookApp" time="17.515"/>
  <system-out/>
</testsuite> <!-- parraleleExecution.Ex_1PrallelExecution -->
