<?xml version="1.0" encoding="UTF-8"?>
<!-- Generated by org.testng.reporters.JUnitReportReporter -->
<testsuite hostname="DESKTOP-NHOH0GL" failures="0" tests="4" name="TestNKeyword.Invocation_count" time="0.027" errors="0" timestamp="2024-11-11T13:40:04 IST" skipped="0">
  <testcase classname="TestNKeyword.Invocation_count" name="clickOnButton" time="0.002"/>
  <system-out>
    <![CDATA[---click on buttion---]]>
  </system-out>
  <testcase classname="TestNKeyword.Invocation_count" name="clickOnButton" time="0.020"/>
  <system-out>
    <![CDATA[---click on buttion---]]>
  </system-out>
  <testcase classname="TestNKeyword.Invocation_count" name="clickOnButton" time="0.003"/>
  <system-out>
    <![CDATA[---click on buttion---]]>
  </system-out>
  <testcase classname="TestNKeyword.Invocation_count" name="clickOnButton" time="0.002"/>
  <system-out>
    <![CDATA[---click on buttion---]]>
  </system-out>
</testsuite> <!-- TestNKeyword.Invocation_count -->
