<?xml version="1.0" encoding="UTF-8"?>
<!-- Generated by org.testng.reporters.JUnitReportReporter -->
<testsuite hostname="DESKTOP-NHOH0GL" failures="0" tests="3" name="DisabledTestCaseExecution.testcase1" time="0.016" errors="0" timestamp="2024-11-16T18:53:32 IST" skipped="1">
  <testcase classname="DisabledTestCaseExecution.testcase1" name="Tc2" time="0.012"/>
  <system-out>
    <![CDATA[log the test result]]>
  </system-out>
  <testcase classname="DisabledTestCaseExecution.testcase1" name="Tc3" time="0.004"/>
  <system-out>
    <![CDATA[log the test result]]>
  </system-out>
  <testcase classname="DisabledTestCaseExecution.testcase1" name="Tc1">
    <skipped/>
  </testcase> <!-- Tc1 -->
  <system-out/>
</testsuite> <!-- DisabledTestCaseExecution.testcase1 -->
