<?xml version="1.0" encoding="UTF-8"?>
<!-- Generated by org.testng.reporters.JUnitReportReporter -->
<testsuite hostname="DESKTOP-NHOH0GL" failures="0" tests="4" name="TestNKeyword.Priority_Keyword" time="0.025" errors="0" timestamp="2024-11-11T16:44:33 IST" skipped="0">
  <testcase classname="TestNKeyword.Priority_Keyword" name="Tc4" time="0.013"/>
  <system-out>
    <![CDATA[test case will not excecute the test methd]]>
  </system-out>
  <testcase classname="TestNKeyword.Priority_Keyword" name="Tc3" time="0.004"/>
  <system-out>
    <![CDATA[test case not execute the method]]>
  </system-out>
  <testcase classname="TestNKeyword.Priority_Keyword" name="Tc2" time="0.006"/>
  <system-out>
    <![CDATA[teste case method 2]]>
  </system-out>
  <testcase classname="TestNKeyword.Priority_Keyword" name="Tc1" time="0.002"/>
  <system-out>
    <![CDATA[teste case the message 1]]>
  </system-out>
</testsuite> <!-- TestNKeyword.Priority_Keyword -->
