<?xml version="1.0" encoding="UTF-8"?>
<!-- Generated by org.testng.reporters.JUnitReportReporter -->
<testsuite hostname="DESKTOP-NHOH0GL" failures="0" tests="1" name="VerficationAssertion.AssertEquals" time="0.013" errors="0" timestamp="2024-11-12T23:11:39 IST" skipped="0">
  <testcase classname="VerficationAssertion.AssertEquals" name="m1" time="0.013"/>
  <system-out/>
</testsuite> <!-- VerficationAssertion.AssertEquals -->
