<?xml version="1.0" encoding="UTF-8"?>
<!-- Generated by org.testng.reporters.JUnitReportReporter -->
<testsuite hostname="DESKTOP-NHOH0GL" failures="0" tests="1" name="prallelTesting.ggogleclass" time="11.763" errors="0" timestamp="2024-11-16T20:12:55 IST" skipped="0">
  <testcase classname="prallelTesting.ggogleclass" name="googlelogin" time="11.763"/>
  <system-out/>
</testsuite> <!-- prallelTesting.ggogleclass -->
