<?xml version="1.0" encoding="UTF-8"?>
<!-- Generated by org.testng.reporters.JUnitReportReporter -->
<testsuite hostname="DESKTOP-NHOH0GL" failures="0" tests="7" name="Testn.EnabledKeyword" time="0.018" errors="0" timestamp="2024-11-15T22:55:51 IST" skipped="6">
  <testcase classname="Testn.EnabledKeyword" name="Tcselogin" time="0.018"/>
  <system-out>
    <![CDATA[---execute  the test method---]]>
  </system-out>
  <testcase classname="Testn.EnabledKeyword" name="Tc6">
    <skipped/>
  </testcase> <!-- Tc6 -->
  <system-out/>
  <testcase classname="Testn.EnabledKeyword" name="Tc4">
    <skipped/>
  </testcase> <!-- Tc4 -->
  <system-out/>
  <testcase classname="Testn.EnabledKeyword" name="Tc9">
    <skipped/>
  </testcase> <!-- Tc9 -->
  <system-out/>
  <testcase classname="Testn.EnabledKeyword" name="tc5">
    <skipped/>
  </testcase> <!-- tc5 -->
  <system-out/>
  <testcase classname="Testn.EnabledKeyword" name="Tc7">
    <skipped/>
  </testcase> <!-- Tc7 -->
  <system-out/>
  <testcase classname="Testn.EnabledKeyword" name="Tc8">
    <skipped/>
  </testcase> <!-- Tc8 -->
  <system-out/>
</testsuite> <!-- Testn.EnabledKeyword -->
