<?xml version="1.0" encoding="UTF-8"?>
<!-- Generated by org.testng.reporters.JUnitReportReporter -->
<testsuite hostname="DESKTOP-NHOH0GL" failures="0" tests="2" name="Grouping_Test_Case.TestClass2" time="0.007" errors="0" timestamp="2024-11-13T16:36:54 IST" skipped="0">
  <testcase classname="Grouping_Test_Case.TestClass2" name="Tc4" time="0.006"/>
  <system-out>
    <![CDATA[log the test case]]>
  </system-out>
  <testcase classname="Grouping_Test_Case.TestClass2" name="Tc5" time="0.001"/>
  <system-out>
    <![CDATA[log the test case2]]>
  </system-out>
</testsuite> <!-- Grouping_Test_Case.TestClass2 -->
