<?xml version="1.0" encoding="UTF-8"?>
<!-- Generated by org.testng.reporters.JUnitReportReporter -->
<testsuite hostname="DESKTOP-NHOH0GL" failures="0" tests="1" name="parraleleExecution.Ex3ParalleleExecution" time="20.059" errors="0" timestamp="2024-11-13T20:23:42 IST" skipped="0">
  <testcase classname="parraleleExecution.Ex3ParalleleExecution" name="googleMethod" time="20.059"/>
  <system-out/>
</testsuite> <!-- parraleleExecution.Ex3ParalleleExecution -->
