<?xml version="1.0" encoding="UTF-8"?>
<!-- Generated by org.testng.reporters.JUnitReportReporter -->
<testsuite hostname="DESKTOP-NHOH0GL" failures="0" tests="1" name="paralelel.loginapplication" time="15.243" errors="0" timestamp="2024-11-17T14:24:42 IST" skipped="0">
  <testcase classname="paralelel.loginapplication" name="ggoleLogin" time="15.243"/>
  <system-out/>
</testsuite> <!-- paralelel.loginapplication -->
