<?xml version="1.0" encoding="UTF-8"?>
<!-- Generated by org.testng.reporters.JUnitReportReporter -->
<testsuite hostname="DESKTOP-NHOH0GL" failures="0" tests="3" name="TestSui.AllTestClass" time="0.015" errors="0" timestamp="2024-11-13T21:28:32 IST" skipped="0">
  <testcase classname="TestSui.AllTestClass" name="Tc4" time="0.005"/>
  <system-out>
    <![CDATA[---running the test case 3-----]]>
  </system-out>
  <testcase classname="TestSui.AllTestClass" name="Tc5" time="0.006"/>
  <system-out>
    <![CDATA[---runnning the test case4-----]]>
  </system-out>
  <testcase classname="TestSui.AllTestClass" name="Tc6" time="0.004"/>
  <system-out>
    <![CDATA[--running the test case----]]>
  </system-out>
</testsuite> <!-- TestSui.AllTestClass -->
