<?xml version="1.0" encoding="UTF-8"?>
<!-- Generated by org.testng.reporters.JUnitReportReporter -->
<testsuite hostname="DESKTOP-NHOH0GL" failures="0" tests="1" name="prallelExecution.prallel1" time="16.525" errors="0" timestamp="2024-11-17T15:22:21 IST" skipped="0">
  <testcase classname="prallelExecution.prallel1" name="Testcase1" time="16.525"/>
  <system-out>
    <![CDATA[execute the prallel test]]>
  </system-out>
</testsuite> <!-- prallelExecution.prallel1 -->
