<?xml version="1.0" encoding="UTF-8"?>
<!-- Generated by org.testng.reporters.JUnitReportReporter -->
<testsuite hostname="DESKTOP-NHOH0GL" failures="0" tests="1" name="VerificationAssertion.Assert_true" time="0.016" errors="0" timestamp="2024-11-12T15:40:20 IST" skipped="0">
  <testcase classname="VerificationAssertion.Assert_true" name="m3_assertTrue" time="0.016"/>
  <system-out/>
</testsuite> <!-- VerificationAssertion.Assert_true -->
