<?xml version="1.0" encoding="UTF-8"?>
<!-- Generated by org.testng.reporters.JUnitReportReporter -->
<testsuite hostname="DESKTOP-NHOH0GL" failures="0" tests="2" name="TestngAnnotaion.testAnnotaion" time="0.020" errors="0" timestamp="2024-11-09T17:22:25 IST" skipped="0">
  <testcase classname="TestngAnnotaion.testAnnotaion" name="inputText" time="0.006"/>
  <system-out>
    <![CDATA[----get the input data---]]>
  </system-out>
  <testcase classname="TestngAnnotaion.testAnnotaion" name="clickOnBtn" time="0.014"/>
  <system-out>
    <![CDATA[----clickOnBtn-----]]>
  </system-out>
</testsuite> <!-- TestngAnnotaion.testAnnotaion -->
