<?xml version="1.0" encoding="UTF-8"?>
<!-- Generated by org.testng.reporters.JUnitReportReporter -->
<testsuite hostname="DESKTOP-NHOH0GL" failures="0" tests="3" name="VerificationAssertion.DisabledTestCaseExecution" time="0.023" errors="0" timestamp="2024-11-12T17:15:01 IST" skipped="1">
  <testcase classname="VerificationAssertion.DisabledTestCaseExecution" name="Tc1" time="0.016"/>
  <system-out>
    <![CDATA[---running the tc1---]]>
  </system-out>
  <testcase classname="VerificationAssertion.DisabledTestCaseExecution" name="tc3" time="0.007"/>
  <system-out>
    <![CDATA[---running the tc3---]]>
  </system-out>
  <testcase classname="VerificationAssertion.DisabledTestCaseExecution" name="Tc2">
    <skipped/>
  </testcase> <!-- Tc2 -->
  <system-out/>
</testsuite> <!-- VerificationAssertion.DisabledTestCaseExecution -->
