<?xml version="1.0" encoding="UTF-8"?>
<!-- Generated by org.testng.reporters.JUnitReportReporter -->
<testsuite hostname="DESKTOP-NHOH0GL" failures="0" tests="1" name="VerificationAssertion.SoftAssert" time="0.017" errors="0" timestamp="2024-11-12T16:54:16 IST" skipped="0">
  <testcase classname="VerificationAssertion.SoftAssert" name="m1_SoftAssert" time="0.017"/>
  <system-out/>
</testsuite> <!-- VerificationAssertion.SoftAssert -->
