<?xml version="1.0" encoding="UTF-8"?>
<!-- Generated by org.testng.reporters.JUnitReportReporter -->
<testsuite hostname="DESKTOP-NHOH0GL" failures="0" tests="1" name="multibrowserTesting.testingparallel" time="124.151" errors="0" timestamp="2024-11-16T22:20:56 IST" skipped="0">
  <testcase classname="multibrowserTesting.testingparallel" name="m1" time="124.151"/>
  <system-out/>
</testsuite> <!-- multibrowserTesting.testingparallel -->
