<?xml version="1.0" encoding="UTF-8"?>
<!-- Generated by org.testng.reporters.JUnitReportReporter -->
<testsuite hostname="DESKTOP-NHOH0GL" failures="0" tests="1" name="parraleleExecution.Ex6paraelleexecution" time="13.156" errors="0" timestamp="2024-11-13T18:56:58 IST" skipped="0">
  <testcase classname="parraleleExecution.Ex6paraelleexecution" name="openGoogleApplication" time="13.156"/>
  <system-out/>
</testsuite> <!-- parraleleExecution.Ex6paraelleexecution -->
