<?xml version="1.0" encoding="UTF-8"?>
<!-- Generated by org.testng.reporters.JUnitReportReporter -->
<testsuite hostname="DESKTOP-NHOH0GL" failures="0" tests="1" name="GrouppingMethods.praleeltesetcase3" time="21.594" errors="0" timestamp="2024-11-17T12:14:22 IST" skipped="0">
  <testcase classname="GrouppingMethods.praleeltesetcase3" name="tc4" time="21.594"/>
  <system-out>
    <![CDATA[test case four we have to report]]>
  </system-out>
</testsuite> <!-- GrouppingMethods.praleeltesetcase3 -->
