<?xml version="1.0" encoding="UTF-8"?>
<!-- Generated by org.testng.reporters.JUnitReportReporter -->
<testsuite hostname="DESKTOP-NHOH0GL" failures="0" tests="1" name="parallelExecution.parallelClass" time="7.799" errors="0" timestamp="2024-11-17T13:20:26 IST" skipped="0">
  <testcase classname="parallelExecution.parallelClass" name="Tc1" time="7.799"/>
  <system-out/>
</testsuite> <!-- parallelExecution.parallelClass -->
