<?xml version="1.0" encoding="UTF-8"?>
<!-- Generated by org.testng.reporters.JUnitReportReporter -->
<testsuite hostname="DESKTOP-NHOH0GL" failures="0" tests="2" name="testSuit.testClass" time="0.004" errors="0" timestamp="2024-11-16T00:25:07 IST" skipped="0">
  <testcase classname="testSuit.testClass" name="tc1" time="0.002"/>
  <system-out>
    <![CDATA[test method will execute the first]]>
  </system-out>
  <testcase classname="testSuit.testClass" name="tc2" time="0.002"/>
  <system-out>
    <![CDATA[test method will execute once]]>
  </system-out>
</testsuite> <!-- testSuit.testClass -->
