<?xml version="1.0" encoding="UTF-8"?>
<!-- Generated by org.testng.reporters.JUnitReportReporter -->
<testsuite hostname="DESKTOP-NHOH0GL" failures="0" tests="4" name="Grouping_TestCase.ClassGroupingTestCase" time="0.018" errors="0" timestamp="2024-11-16T19:38:35 IST" skipped="0">
  <testcase classname="Grouping_TestCase.ClassGroupingTestCase" name="logout" time="0.002"/>
  <system-out>
    <![CDATA[---grouping the test case---3]]>
  </system-out>
  <testcase classname="Grouping_TestCase.ClassGroupingTestCase" name="loginTc" time="0.012"/>
  <system-out>
    <![CDATA[---grouping the test case---4]]>
  </system-out>
  <testcase classname="Grouping_TestCase.ClassGroupingTestCase" name="tc5" time="0.003"/>
  <system-out>
    <![CDATA[---logout the test acse]]>
  </system-out>
  <testcase classname="Grouping_TestCase.ClassGroupingTestCase" name="tc4" time="0.001"/>
  <system-out>
    <![CDATA[----login the test case xml file]]>
  </system-out>
</testsuite> <!-- Grouping_TestCase.ClassGroupingTestCase -->
