<?xml version="1.0" encoding="UTF-8"?>
<!-- Generated by org.testng.reporters.JUnitReportReporter -->
<testsuite hostname="DESKTOP-NHOH0GL" failures="0" tests="1" name="pageObjectmodelPractice.ddflogintest" time="18.879" errors="0" timestamp="2024-11-15T18:16:59 IST" skipped="0">
  <testcase classname="pageObjectmodelPractice.ddflogintest" name="VerifyTheLogo" time="18.879"/>
  <system-out/>
</testsuite> <!-- pageObjectmodelPractice.ddflogintest -->
