<?xml version="1.0" encoding="UTF-8"?>
<!-- Generated by org.testng.reporters.JUnitReportReporter -->
<testsuite hostname="DESKTOP-NHOH0GL" failures="0" tests="2" name="DisabledTestCaseExecution.testcseDisbled" time="0.015" errors="0" timestamp="2024-11-16T19:05:05 IST" skipped="0">
  <testcase classname="DisabledTestCaseExecution.testcseDisbled" name="Tc5" time="0.013"/>
  <system-out>
    <![CDATA[those keyword execute only we provide the include keyword of tese case]]>
  </system-out>
  <testcase classname="DisabledTestCaseExecution.testcseDisbled" name="Tc6" time="0.002"/>
  <system-out>
    <![CDATA[it will not execute remaina test case when we provide the include keyord]]>
  </system-out>
</testsuite> <!-- DisabledTestCaseExecution.testcseDisbled -->
