<?xml version="1.0" encoding="UTF-8"?>
<!-- Generated by org.testng.reporters.JUnitReportReporter -->
<testsuite hostname="DESKTOP-NHOH0GL" failures="0" tests="1" name="TesTG.TestNg_TestClass" time="6.666" errors="0" timestamp="2024-11-08T18:13:20 IST" skipped="0">
  <testcase classname="TesTG.TestNg_TestClass" name="Tc1" time="6.666"/>
  <system-out/>
</testsuite> <!-- TesTG.TestNg_TestClass -->
