<?xml version="1.0" encoding="UTF-8"?>
<!-- Generated by org.testng.reporters.JUnitReportReporter -->
<testsuite hostname="DESKTOP-NHOH0GL" failures="0" tests="4" name="Testn.KewordPriority" time="0.034" errors="0" timestamp="2024-11-15T22:21:06 IST" skipped="0">
  <testcase classname="Testn.KewordPriority" name="Listbox" time="0.001"/>
  <system-out>
    <![CDATA[running the test case 3]]>
  </system-out>
  <testcase classname="Testn.KewordPriority" name="DropDown" time="0.020"/>
  <system-out>
    <![CDATA[running the test case4]]>
  </system-out>
  <testcase classname="Testn.KewordPriority" name="searchButton" time="0.009"/>
  <system-out>
    <![CDATA[running the test case1]]>
  </system-out>
  <testcase classname="Testn.KewordPriority" name="mearchBox" time="0.004"/>
  <system-out>
    <![CDATA[running the test case2]]>
  </system-out>
</testsuite> <!-- Testn.KewordPriority -->
