<?xml version="1.0" encoding="UTF-8"?>
<!-- Generated by org.testng.reporters.JUnitReportReporter -->
<testsuite hostname="DESKTOP-NHOH0GL" failures="0" tests="1" name="GrouppingMethods.paralleltesting" time="22.346" errors="0" timestamp="2024-11-17T12:14:22 IST" skipped="0">
  <testcase classname="GrouppingMethods.paralleltesting" name="loginfacebook" time="22.346"/>
  <system-out/>
</testsuite> <!-- GrouppingMethods.paralleltesting -->
