<?xml version="1.0" encoding="UTF-8"?>
<!-- Generated by org.testng.reporters.JUnitReportReporter -->
<testsuite hostname="DESKTOP-NHOH0GL" failures="0" tests="1" name="prallelTesting.prallelonetesting" time="10.027" errors="0" timestamp="2024-11-16T20:12:55 IST" skipped="0">
  <testcase classname="prallelTesting.prallelonetesting" name="logifacebookTestcas1" time="10.027"/>
  <system-out/>
</testsuite> <!-- prallelTesting.prallelonetesting -->
