<?xml version="1.0" encoding="UTF-8"?>
<!-- Generated by org.testng.reporters.JUnitReportReporter -->
<testsuite hostname="DESKTOP-NHOH0GL" failures="0" tests="1" name="paralleleTesting.pralleltesting" time="9.802" errors="0" timestamp="2024-11-16T13:54:21 IST" skipped="0">
  <testcase classname="paralleleTesting.pralleltesting" name="tc1" time="9.802"/>
  <system-out/>
</testsuite> <!-- paralleleTesting.pralleltesting -->
