<?xml version="1.0" encoding="UTF-8"?>
<!-- Generated by org.testng.reporters.JUnitReportReporter -->
<testsuite hostname="DESKTOP-NHOH0GL" failures="0" tests="1" name="testng.Ex_2_TestNGTestClass" time="7.293" errors="0" timestamp="2024-11-08T13:08:44 IST" skipped="0">
  <testcase classname="testng.Ex_2_TestNGTestClass" name="TC1" time="7.293"/>
  <system-out/>
</testsuite> <!-- testng.Ex_2_TestNGTestClass -->
