<?xml version="1.0" encoding="UTF-8"?>
<!-- Generated by org.testng.reporters.JUnitReportReporter -->
<testsuite hostname="DESKTOP-NHOH0GL" failures="0" tests="2" name="TestSui.classA" time="0.047" errors="0" timestamp="2024-11-13T21:45:11 IST" skipped="0">
  <testcase classname="TestSui.classA" name="Tc1" time="0.037"/>
  <system-out>
    <![CDATA[--test case 1---]]>
  </system-out>
  <testcase classname="TestSui.classA" name="Tc2" time="0.010"/>
  <system-out>
    <![CDATA[---test case2---]]>
  </system-out>
</testsuite> <!-- TestSui.classA -->
