<?xml version="1.0" encoding="UTF-8"?>
<!-- Generated by org.testng.reporters.JUnitReportReporter -->
<testsuite hostname="DESKTOP-NHOH0GL" failures="0" tests="1" name="GrouppingMethods.paralleltest1" time="22.120" errors="0" timestamp="2024-11-17T12:14:22 IST" skipped="0">
  <testcase classname="GrouppingMethods.paralleltest1" name="loginflipakert" time="22.120"/>
  <system-out/>
</testsuite> <!-- GrouppingMethods.paralleltest1 -->
