<?xml version="1.0" encoding="UTF-8"?>
<!-- Generated by org.testng.reporters.JUnitReportReporter -->
<testsuite hostname="DESKTOP-NHOH0GL" failures="0" tests="3" name="TestngAnnotaion.disbledTestCase" time="0.012" errors="0" timestamp="2024-11-09T18:00:41 IST" skipped="2">
  <testcase classname="TestngAnnotaion.disbledTestCase" name="annotaion" time="0.012"/>
  <system-out>
    <![CDATA[---annotaion the tese case-----]]>
  </system-out>
  <testcase classname="TestngAnnotaion.disbledTestCase" name="disabled">
    <skipped/>
  </testcase> <!-- disabled -->
  <system-out/>
  <testcase classname="TestngAnnotaion.disbledTestCase" name="disabledannotaion">
    <skipped/>
  </testcase> <!-- disabledannotaion -->
  <system-out/>
</testsuite> <!-- TestngAnnotaion.disbledTestCase -->
