<?xml version="1.0" encoding="UTF-8"?>
<!-- Generated by org.testng.reporters.JUnitReportReporter -->
<testsuite hostname="DESKTOP-NHOH0GL" failures="0" tests="1" name="testng.nromaltest" time="0.027" errors="0" timestamp="2024-11-16T21:14:04 IST" skipped="0">
  <testcase classname="testng.nromaltest" name="tc1" time="0.027"/>
  <system-out>
    <![CDATA[print the methods]]>
  </system-out>
</testsuite> <!-- testng.nromaltest -->
