<?xml version="1.0" encoding="UTF-8"?>
<!-- Generated by org.testng.reporters.JUnitReportReporter -->
<testsuite hostname="DESKTOP-NHOH0GL" failures="0" tests="2" name="DisabledTestCaseExecution.trestecaseEnabled" time="0.005" errors="0" timestamp="2024-11-16T18:53:32 IST" skipped="0">
  <testcase classname="DisabledTestCaseExecution.trestecaseEnabled" name="Tc2" time="0.003"/>
  <system-out>
    <![CDATA[exclude this test case reamimg the test method]]>
  </system-out>
  <testcase classname="DisabledTestCaseExecution.trestecaseEnabled" name="Tc1" time="0.002"/>
  <system-out>
    <![CDATA[exclidue this test case reamaning test case will execute]]>
  </system-out>
</testsuite> <!-- DisabledTestCaseExecution.trestecaseEnabled -->
