<?xml version="1.0" encoding="UTF-8"?>
<!-- Generated by org.testng.reporters.JUnitReportReporter -->
<testsuite hostname="DESKTOP-NHOH0GL" failures="0" tests="3" name="TestSui.allTheTestClassName" time="0.020" errors="0" timestamp="2024-11-13T21:28:32 IST" skipped="0">
  <testcase classname="TestSui.allTheTestClassName" name="Tc1" time="0.011"/>
  <system-out>
    <![CDATA[----ruuning the tes case-----]]>
  </system-out>
  <testcase classname="TestSui.allTheTestClassName" name="Tc2" time="0.002"/>
  <system-out>
    <![CDATA[---running the test case---]]>
  </system-out>
  <testcase classname="TestSui.allTheTestClassName" name="Tc3" time="0.007"/>
  <system-out>
    <![CDATA[---running the test case----]]>
  </system-out>
</testsuite> <!-- TestSui.allTheTestClassName -->
