<?xml version="1.0" encoding="UTF-8"?>
<!-- Generated by org.testng.reporters.JUnitReportReporter -->
<testsuite hostname="DESKTOP-NHOH0GL" failures="0" tests="1" name="pageObjectmodelPractice.swagsLabsLoginTest" time="16.005" errors="0" timestamp="2024-11-15T17:14:56 IST" skipped="0">
  <testcase classname="pageObjectmodelPractice.swagsLabsLoginTest" name="verifyLogo" time="16.005"/>
  <system-out/>
</testsuite> <!-- pageObjectmodelPractice.swagsLabsLoginTest -->
