<?xml version="1.0" encoding="UTF-8"?>
<!-- Generated by org.testng.reporters.JUnitReportReporter -->
<testsuite hostname="DESKTOP-NHOH0GL" failures="0" tests="2" name="VerificationAssertion.Ex_1Sample2" time="0.006" errors="0" timestamp="2024-11-12T18:42:13 IST" skipped="0">
  <testcase classname="VerificationAssertion.Ex_1Sample2" name="Tc3" time="0.003"/>
  <system-out>
    <![CDATA[---running the test case---]]>
  </system-out>
  <testcase classname="VerificationAssertion.Ex_1Sample2" name="Tc2" time="0.003"/>
  <system-out>
    <![CDATA[---ruuning the test case---]]>
  </system-out>
</testsuite> <!-- VerificationAssertion.Ex_1Sample2 -->
