<?xml version="1.0" encoding="UTF-8"?>
<!-- Generated by org.testng.reporters.JUnitReportReporter -->
<testsuite hostname="DESKTOP-NHOH0GL" failures="0" tests="1" name="testng.Annatation" time="0.026" errors="0" timestamp="2024-11-16T21:21:51 IST" skipped="0">
  <testcase classname="testng.Annatation" name="verifyLogo" time="0.026"/>
  <system-out>
    <![CDATA[logo is verified]]>
  </system-out>
</testsuite> <!-- testng.Annatation -->
