<?xml version="1.0" encoding="UTF-8"?>
<!-- Generated by org.testng.reporters.JUnitReportReporter -->
<testsuite hostname="DESKTOP-NHOH0GL" failures="0" tests="2" name="VerificationAssertion.Ex2_sample2" time="0.019" errors="0" timestamp="2024-11-12T18:42:13 IST" skipped="0">
  <testcase classname="VerificationAssertion.Ex2_sample2" name="tc4" time="0.003"/>
  <system-out>
    <![CDATA[---ruuning  the test case2---]]>
  </system-out>
  <testcase classname="VerificationAssertion.Ex2_sample2" name="Tc5" time="0.016"/>
  <system-out>
    <![CDATA[---running the test case3----]]>
  </system-out>
</testsuite> <!-- VerificationAssertion.Ex2_sample2 -->
