<?xml version="1.0" encoding="UTF-8"?>
<!-- Generated by org.testng.reporters.JUnitReportReporter -->
<testsuite hostname="DESKTOP-NHOH0GL" failures="0" tests="2" name="Grouping_TestCase.ClassGroupingTestCase2" time="0.002" errors="0" timestamp="2024-11-13T20:05:19 IST" skipped="0">
  <testcase classname="Grouping_TestCase.ClassGroupingTestCase2" name="Logout" time="0.001"/>
  <system-out>
    <![CDATA[---running the logout grouping file---]]>
  </system-out>
  <testcase classname="Grouping_TestCase.ClassGroupingTestCase2" name="Login" time="0.001"/>
  <system-out>
    <![CDATA[---running the grouping the file----]]>
  </system-out>
</testsuite> <!-- Grouping_TestCase.ClassGroupingTestCase2 -->
