<?xml version="1.0" encoding="UTF-8"?>
<!-- Generated by org.testng.reporters.JUnitReportReporter -->
<testsuite hostname="DESKTOP-NHOH0GL" failures="0" tests="1" name="ParallelEx.Ex1_parallelExecution" time="17.498" errors="0" timestamp="2024-11-13T20:22:28 IST" skipped="0">
  <testcase classname="ParallelEx.Ex1_parallelExecution" name="openFacebookApplication" time="17.498"/>
  <system-out/>
</testsuite> <!-- ParallelEx.Ex1_parallelExecution -->
