<?xml version="1.0" encoding="UTF-8"?>
<!-- Generated by org.testng.reporters.JUnitReportReporter -->
<testsuite hostname="DESKTOP-NHOH0GL" failures="0" tests="1" name="pageObjectmodelPractice.testclasNg" time="22.425" errors="0" timestamp="2024-11-15T19:49:02 IST" skipped="0">
  <testcase classname="pageObjectmodelPractice.testclasNg" name="verfiyHomePage" time="22.425"/>
  <system-out/>
</testsuite> <!-- pageObjectmodelPractice.testclasNg -->
