<?xml version="1.0" encoding="UTF-8"?>
<!-- Generated by org.testng.reporters.JUnitReportReporter -->
<testsuite hostname="DESKTOP-NHOH0GL" failures="0" tests="4" name="TestSuit.Ex_6Sample1" time="0.023" errors="0" timestamp="2024-11-11T17:43:46 IST" skipped="0">
  <testcase classname="TestSuit.Ex_6Sample1" name="Tc4" time="0.002"/>
  <system-out>
    <![CDATA[---all the test case will faile----]]>
  </system-out>
  <testcase classname="TestSuit.Ex_6Sample1" name="Tc1" time="0.017"/>
  <system-out>
    <![CDATA[---test suit test class executed]]>
  </system-out>
  <testcase classname="TestSuit.Ex_6Sample1" name="Tc2" time="0.003"/>
  <system-out>
    <![CDATA[---test suit class 2 executed]]>
  </system-out>
  <testcase classname="TestSuit.Ex_6Sample1" name="Tc3" time="0.001"/>
  <system-out>
    <![CDATA[---all the test suits 3 executed-----]]>
  </system-out>
</testsuite> <!-- TestSuit.Ex_6Sample1 -->
