<?xml version="1.0" encoding="UTF-8"?>
<!-- Generated by org.testng.reporters.JUnitReportReporter -->
<testsuite hostname="DESKTOP-NHOH0GL" failures="0" tests="2" name="GroupingOfTestCase.Testcase1" time="0.003" errors="0" timestamp="2024-11-16T13:21:09 IST" skipped="0">
  <testcase classname="GroupingOfTestCase.Testcase1" name="Tc1" time="0.001"/>
  <system-out>
    <![CDATA[grouping the test case]]>
  </system-out>
  <testcase classname="GroupingOfTestCase.Testcase1" name="Tc3" time="0.002"/>
  <system-out>
    <![CDATA[groping the test case ]]>
  </system-out>
</testsuite> <!-- GroupingOfTestCase.Testcase1 -->
