<?xml version="1.0" encoding="UTF-8"?>
<!-- Generated by org.testng.reporters.JUnitReportReporter -->
<testsuite hostname="DESKTOP-NHOH0GL" failures="0" tests="1" name="pageObjectmodelPractice.testngddfclassrun" time="18.811" errors="0" timestamp="2024-11-15T18:39:33 IST" skipped="0">
  <testcase classname="pageObjectmodelPractice.testngddfclassrun" name="verifiyLogoClickMenuBtn" time="18.811"/>
  <system-out/>
</testsuite> <!-- pageObjectmodelPractice.testngddfclassrun -->
