<?xml version="1.0" encoding="UTF-8"?>
<!-- Generated by org.testng.reporters.JUnitReportReporter -->
<testsuite hostname="DESKTOP-NHOH0GL" failures="0" tests="2" name="GrouppingMethods.testcasegrouuping" time="0.019" errors="0" timestamp="2024-11-16T23:55:05 IST" skipped="0">
  <testcase classname="GrouppingMethods.testcasegrouuping" name="logout3" time="0.005"/>
  <system-out>
    <![CDATA[test case for logout page]]>
  </system-out>
  <testcase classname="GrouppingMethods.testcasegrouuping" name="logout1" time="0.014"/>
  <system-out>
    <![CDATA[test case for logout page]]>
  </system-out>
</testsuite> <!-- GrouppingMethods.testcasegrouuping -->
