<?xml version="1.0" encoding="UTF-8"?>
<!-- Generated by org.testng.reporters.JUnitReportReporter -->
<testsuite hostname="DESKTOP-NHOH0GL" failures="0" tests="1" name="parallelExecution.flipkartloginpage" time="10.029" errors="0" timestamp="2024-11-17T13:20:26 IST" skipped="0">
  <testcase classname="parallelExecution.flipkartloginpage" name="homePage" time="10.029"/>
  <system-out/>
</testsuite> <!-- parallelExecution.flipkartloginpage -->
