<?xml version="1.0" encoding="UTF-8"?>
<!-- Generated by org.testng.reporters.JUnitReportReporter -->
<testsuite hostname="DESKTOP-NHOH0GL" failures="0" tests="1" name="paralleleTesting.Ex_3PralleleTesting" time="16.163" errors="0" timestamp="2024-11-16T13:54:21 IST" skipped="0">
  <testcase classname="paralleleTesting.Ex_3PralleleTesting" name="tc4" time="16.163"/>
  <system-out/>
</testsuite> <!-- paralleleTesting.Ex_3PralleleTesting -->
