<?xml version="1.0" encoding="UTF-8"?>
<!-- Generated by org.testng.reporters.JUnitReportReporter -->
<testsuite hostname="DESKTOP-NHOH0GL" failures="0" tests="1" name="Testn.testMethod" time="5.359" errors="0" timestamp="2024-11-15T19:57:20 IST" skipped="0">
  <testcase classname="Testn.testMethod" name="openApplication" time="5.359"/>
  <system-out/>
</testsuite> <!-- Testn.testMethod -->
