<?xml version="1.0" encoding="UTF-8"?>
<!-- Generated by org.testng.reporters.JUnitReportReporter -->
<testsuite hostname="DESKTOP-NHOH0GL" failures="0" tests="2" name="TestNKeyword.depdensOnMethods" time="0.021" errors="0" timestamp="2024-11-11T17:07:11 IST" skipped="0">
  <testcase classname="TestNKeyword.depdensOnMethods" name="logout" time="0.004"/>
  <system-out>
    <![CDATA[the method is logout]]>
  </system-out>
  <testcase classname="TestNKeyword.depdensOnMethods" name="login" time="0.017"/>
  <system-out>
    <![CDATA[the method is login]]>
  </system-out>
</testsuite> <!-- TestNKeyword.depdensOnMethods -->
