<?xml version="1.0" encoding="UTF-8"?>
<!-- Generated by org.testng.reporters.JUnitReportReporter -->
<testsuite hostname="DESKTOP-NHOH0GL" failures="0" tests="1" name="TestSui.classTest" time="0.019" errors="0" timestamp="2024-11-13T22:03:28 IST" skipped="0">
  <testcase classname="TestSui.classTest" name="m2_methodAssertion" time="0.019"/>
  <system-out>
    <![CDATA[---method assertion2---]]>
  </system-out>
</testsuite> <!-- TestSui.classTest -->
