<?xml version="1.0" encoding="UTF-8"?>
<!-- Generated by org.testng.reporters.JUnitReportReporter -->
<testsuite hostname="DESKTOP-NHOH0GL" failures="0" tests="4" name="Testn.Kewyordpriority" time="0.045" errors="0" timestamp="2024-11-16T11:04:50 IST" skipped="0">
  <testcase classname="Testn.Kewyordpriority" name="Tc2" time="0.004"/>
  <system-out/>
  <testcase classname="Testn.Kewyordpriority" name="Tc4" time="0.019"/>
  <system-out/>
  <testcase classname="Testn.Kewyordpriority" name="Tc1" time="0.018"/>
  <system-out/>
  <testcase classname="Testn.Kewyordpriority" name="Tc3" time="0.004"/>
  <system-out/>
</testsuite> <!-- Testn.Kewyordpriority -->
