<?xml version="1.0" encoding="UTF-8"?>
<!-- Generated by org.testng.reporters.JUnitReportReporter -->
<testsuite hostname="DESKTOP-NHOH0GL" failures="0" tests="1" name="paralelel.googleapplication" time="16.807" errors="0" timestamp="2024-11-17T14:24:42 IST" skipped="0">
  <testcase classname="paralelel.googleapplication" name="googleLogin" time="16.807"/>
  <system-out/>
</testsuite> <!-- paralelel.googleapplication -->
