<?xml version="1.0" encoding="UTF-8"?>
<!-- Generated by org.testng.reporters.JUnitReportReporter -->
<testsuite hostname="DESKTOP-NHOH0GL" failures="0" tests="2" name="TestngAnnotaion.IncovationCount" time="0.023" errors="0" timestamp="2024-11-09T17:56:22 IST" skipped="0">
  <testcase classname="TestngAnnotaion.IncovationCount" name="invocationcount" time="0.020"/>
  <system-out>
    <![CDATA[----invocation count is max------]]>
  </system-out>
  <testcase classname="TestngAnnotaion.IncovationCount" name="invocationcount" time="0.003"/>
  <system-out>
    <![CDATA[----invocation count is max------]]>
  </system-out>
</testsuite> <!-- TestngAnnotaion.IncovationCount -->
