<?xml version="1.0" encoding="UTF-8"?>
<!-- Generated by org.testng.reporters.JUnitReportReporter -->
<testsuite hostname="DESKTOP-NHOH0GL" failures="0" tests="1" name="ParallelEx.Ex3Parrallleexecution" time="20.263" errors="0" timestamp="2024-11-13T20:22:28 IST" skipped="0">
  <testcase classname="ParallelEx.Ex3Parrallleexecution" name="openTheGoogleApplication" time="20.263"/>
  <system-out/>
</testsuite> <!-- ParallelEx.Ex3Parrallleexecution -->
