<?xml version="1.0" encoding="UTF-8"?>
<!-- Generated by org.testng.reporters.JUnitReportReporter -->
<testsuite hostname="DESKTOP-NHOH0GL" failures="0" tests="4" name="TesTG.ex_4Emailable_report" time="0.030" errors="0" timestamp="2024-11-08T18:41:20 IST" skipped="0">
  <testcase classname="TesTG.ex_4Emailable_report" name="openmenuPage" time="0.020"/>
  <system-out>
    <![CDATA[----openmenuhomepage-----]]>
  </system-out>
  <testcase classname="TesTG.ex_4Emailable_report" name="loginhomepage" time="0.004"/>
  <system-out>
    <![CDATA[----loginhomepage----]]>
  </system-out>
  <testcase classname="TesTG.ex_4Emailable_report" name="clickbtn" time="0.003"/>
  <system-out>
    <![CDATA[........click on btn-----]]>
  </system-out>
  <testcase classname="TesTG.ex_4Emailable_report" name="logoutpage" time="0.003"/>
  <system-out>
    <![CDATA[----logout the page----]]>
  </system-out>
</testsuite> <!-- TesTG.ex_4Emailable_report -->
