<?xml version="1.0" encoding="UTF-8"?>
<!-- Generated by org.testng.reporters.JUnitReportReporter -->
<testsuite hostname="DESKTOP-NHOH0GL" failures="0" tests="1" name="prallelExecution.parallel3" time="18.652" errors="0" timestamp="2024-11-17T15:22:21 IST" skipped="0">
  <testcase classname="prallelExecution.parallel3" name="googleApp" time="18.652"/>
  <system-out/>
</testsuite> <!-- prallelExecution.parallel3 -->
